Arguments: 
  /usr/local/bin/node /usr/local/bin/yarn init

PATH: 
  /Users/yangchunjian/Desktop/work/apache-maven-3.3.9/bin:/usr/local/bin:/usr/local/sbin:/usr/local/bin:/usr/bin:/bin:/usr/sbin:/sbin:/usr/local/go/bin:/Users/yangchunjian/IdeaProjects/dearlocation/node_modules/.bin:/Users//Users/yangchunjian/Desktop/work/goproject/bin:/usr/local/go/bin:/usr/local/arc/arcanist/bin

Yarn version: 
  1.22.19

Node version: 
  16.15.1

Platform: 
  darwin arm64

Trace: 
  Error: canceled
      at Interface.<anonymous> (/usr/local/lib/node_modules/yarn/lib/cli.js:137150:13)
      at Interface.emit (node:events:527:28)
      at Interface._ttyWrite (node:readline:1081:16)
      at ReadStream.onkeypress (node:readline:288:10)
      at ReadStream.emit (node:events:527:28)
      at emitKeys (node:internal/readline/utils:358:14)
      at emitKeys.next (<anonymous>)
      at ReadStream.onData (node:internal/readline/emitKeypressEvents:61:36)
      at ReadStream.emit (node:events:527:28)
      at addChunk (node:internal/streams/readable:315:12)

npm manifest: 
  {
    "name": "dearlocation",
    "version": "2.0.0-alpha.48",
    "private": true,
    "description": "dearlocation",
    "license": "MIT",
    "author": "Guide",
    "scripts": {
      "vite-build": "vuepress-vite build docs",
      "vite-serve": "vuepress-vite dev docs",
      "vite-clean-serve": "vuepress-vite dev docs --clean-cache",
      "webpack-build": "vuepress-webpack build docs",
      "webpack-clean-serve": "vuepress-webpack dev docs --clean-cache",
      "webpack-serve": "vuepress-webpack dev docs"
    },
    "devDependencies": {
      "@vuepress/plugin-search": "^2.0.0-beta.38",
      "vuepress-theme-hope": "^2.0.0-beta.36",
      "vuepress-vite": "2.0.0-beta.48",
      "vuepress-webpack": "2.0.0-beta.48"
    }
  }

yarn manifest: 
  No manifest

Lockfile: 
  No lockfile
